0 info it worked if it ends with ok
1 verbose cli [ 'node', '/usr/local/bin/npm', 'publish' ]
2 info using npm@2.12.1
3 info using node@v0.12.7
4 verbose node symlink /usr/local/bin/node
5 verbose publish [ '.' ]
6 silly cache add args [ '.', null ]
7 verbose cache add spec .
8 silly cache add parsed spec { raw: '.',
8 silly cache add   scope: null,
8 silly cache add   name: null,
8 silly cache add   rawSpec: '.',
8 silly cache add   spec: '/Users/erikedhagen/dev/contrib/contentful-static',
8 silly cache add   type: 'directory' }
9 verbose addLocalDirectory /Users/erikedhagen/.npm/contentful-static/1.0.0/package.tgz not in flight; packing
10 verbose tar pack [ '/Users/erikedhagen/.npm/contentful-static/1.0.0/package.tgz',
10 verbose tar pack   '/Users/erikedhagen/dev/contrib/contentful-static' ]
11 verbose tarball /Users/erikedhagen/.npm/contentful-static/1.0.0/package.tgz
12 verbose folder /Users/erikedhagen/dev/contrib/contentful-static
13 info prepublish contentful-static@1.0.0
14 verbose addLocalTarball adding from inside cache /Users/erikedhagen/.npm/contentful-static/1.0.0/package.tgz
15 silly cache afterAdd contentful-static@1.0.0
16 verbose afterAdd /Users/erikedhagen/.npm/contentful-static/1.0.0/package/package.json not in flight; writing
17 verbose afterAdd /Users/erikedhagen/.npm/contentful-static/1.0.0/package/package.json written
18 silly publish { name: 'contentful-static',
18 silly publish   version: '1.0.0',
18 silly publish   description: 'Save data from a Contentful space to a local JSON file',
18 silly publish   main: 'index.js',
18 silly publish   scripts: { test: 'grunt --gruntfile test/Gruntfile.js' },
18 silly publish   author: { name: 'Erik Edhagen', email: 'erikedhagen@gmail.com' },
18 silly publish   license: 'ISC',
18 silly publish   devDependencies: { fs: '0.0.2', grunt: '^0.4.5', path: '^0.12.7' },
18 silly publish   dependencies: { contentful: '^1.1.5', mkdirp: '^0.5.1' },
18 silly publish   gitHead: '3bdc118c8a10e6c1cb1e592dd66beb6d72d88da0',
18 silly publish   readme: 'ERROR: No README data found!',
18 silly publish   _id: 'contentful-static@1.0.0',
18 silly publish   _shasum: 'e729afdb3af6ce16da31d270dde01e3a3e246c76',
18 silly publish   _from: '.' }
19 verbose getPublishConfig undefined
20 silly mapToRegistry name contentful-static
21 silly mapToRegistry using default registry
22 silly mapToRegistry registry https://registry.npmjs.org/
23 silly mapToRegistry uri https://registry.npmjs.org/contentful-static
24 verbose publish registryBase https://registry.npmjs.org/
25 silly publish uploading /Users/erikedhagen/.npm/contentful-static/1.0.0/package.tgz
26 verbose request uri https://registry.npmjs.org/contentful-static
27 verbose request sending authorization for write operation
28 info attempt registry request try #1 at 13:29:40
29 verbose request using bearer token for auth
30 verbose request id 00e4b8f5dd665c61
31 http request PUT https://registry.npmjs.org/contentful-static
32 http 403 https://registry.npmjs.org/contentful-static
33 verbose headers { 'content-type': 'application/json',
33 verbose headers   'cache-control': 'max-age=60',
33 verbose headers   'content-length': '95',
33 verbose headers   'accept-ranges': 'bytes',
33 verbose headers   date: 'Mon, 14 Sep 2015 11:29:41 GMT',
33 verbose headers   via: '1.1 varnish',
33 verbose headers   connection: 'keep-alive',
33 verbose headers   'x-served-by': 'cache-fra1226-FRA',
33 verbose headers   'x-cache': 'MISS',
33 verbose headers   'x-cache-hits': '0',
33 verbose headers   'x-timer': 'S1442230180.265993,VS0,VE1063' }
34 verbose request invalidating /Users/erikedhagen/.npm/registry.npmjs.org/contentful-static on PUT
35 error publish Failed PUT 403
36 verbose stack Error: "You cannot publish over the previously published version 1.0.0." : contentful-static
36 verbose stack     at CachingRegistryClient.<anonymous> (/usr/local/lib/node_modules/npm/node_modules/npm-registry-client/lib/request.js:247:14)
36 verbose stack     at Request._callback (/usr/local/lib/node_modules/npm/node_modules/npm-registry-client/lib/request.js:170:14)
36 verbose stack     at Request.self.callback (/usr/local/lib/node_modules/npm/node_modules/request/request.js:197:22)
36 verbose stack     at Request.emit (events.js:110:17)
36 verbose stack     at Request.<anonymous> (/usr/local/lib/node_modules/npm/node_modules/request/request.js:1050:14)
36 verbose stack     at Request.emit (events.js:129:20)
36 verbose stack     at IncomingMessage.<anonymous> (/usr/local/lib/node_modules/npm/node_modules/request/request.js:996:12)
36 verbose stack     at IncomingMessage.emit (events.js:129:20)
36 verbose stack     at _stream_readable.js:908:16
36 verbose stack     at process._tickCallback (node.js:355:11)
37 verbose statusCode 403
38 verbose pkgid contentful-static
39 verbose cwd /Users/erikedhagen/dev/contrib/contentful-static
40 error Darwin 14.5.0
41 error argv "node" "/usr/local/bin/npm" "publish"
42 error node v0.12.7
43 error npm  v2.12.1
44 error code E403
45 error "You cannot publish over the previously published version 1.0.0." : contentful-static
46 error If you need help, you may report this error at:
46 error     <https://github.com/npm/npm/issues>
47 verbose exit [ 1, true ]
